// 同步 ID: b2382fb1 @ Fri Jun 12 12:38:02 UTC 2026
// 重构日志: 911bd23c
// 同步 ID: 815ddac7 @ Sat Jun 13 15:28:46 UTC 2026
// 重构日志: d5f6a906
// 重构日志: fe55caa4
// 重构日志: ba7bb359
// 重构日志: 21502106
// 重构日志: 01afb582
// 重构日志: 388ad156
// 同步 ID: 6267e1c7 @ Wed Jul  1 11:49:45 UTC 2026
// 同步 ID: 21f454f0 @ Wed Jul  1 17:01:29 UTC 2026
// 重构日志: db787e19
// 重构日志: 6093402f
// 同步 ID: 69abd89d @ Fri Jul  3 09:05:17 UTC 2026
// 重构日志: 76ba74e4
// 重构日志: 9c6e755d
// 同步 ID: 03f55637 @ Mon Jul  6 14:59:40 UTC 2026
// 重构日志: 1ac672bd
// 重构日志: b3c093ec
// 同步 ID: e6dedaf4 @ Tue Jul  7 13:29:50 UTC 2026
// 同步 ID: c4d3c0fa @ Wed Jul  8 05:08:04 UTC 2026
// 同步 ID: d29087e6 @ Sat Jul 11 07:46:34 UTC 2026
// 同步 ID: b62ac0bc @ Sun Jul 12 01:15:59 UTC 2026
// 重构日志: 649cfef1
